2025-08-22 14:57:57 | mevzuat_main | INFO | Logger başlatıldı: mevzuat_main
2025-08-22 14:57:57 | mevzuat_main | INFO | Mevzuat Sistemi başlatılıyor...
2025-08-22 14:57:57 | MevzuatApp | INFO | Logger başlatıldı: MevzuatApp
2025-08-22 14:57:57 | MevzuatApp | INFO | Mevzuat sistemi başlatılıyor...
2025-08-22 14:57:57 | MevzuatApp | INFO | Tüm bileşenler başarıyla başlatıldı
2025-08-22 14:57:58 | MevzuatApp | INFO | GUI başlatıldı, uygulama hazır
2025-08-22 15:03:39 | mevzuat_main | INFO | Logger başlatıldı: mevzuat_main
2025-08-22 15:03:39 | mevzuat_main | INFO | Mevzuat Sistemi başlatılıyor...
2025-08-22 15:03:39 | MevzuatApp | INFO | Logger başlatıldı: MevzuatApp
2025-08-22 15:03:39 | MevzuatApp | INFO | Mevzuat sistemi başlatılıyor...
2025-08-22 15:03:39 | MevzuatApp | INFO | Tüm bileşenler başarıyla başlatıldı
2025-08-22 15:03:40 | MevzuatApp | INFO | GUI başlatıldı, uygulama hazır
2025-08-22 15:04:45 | MevzuatApp | INFO | Uygulama kapatılıyor...
2025-08-22 15:04:45 | MevzuatApp | INFO | Uygulama temiz şekilde kapatıldı
2025-08-23 19:28:34 | mevzuat_main | INFO | Logger başlatıldı: mevzuat_main
2025-08-23 19:28:34 | mevzuat_main | INFO | Mevzuat Sistemi başlatılıyor...
2025-08-23 19:28:34 | MevzuatApp | INFO | Logger başlatıldı: MevzuatApp
2025-08-23 19:28:34 | MevzuatApp | INFO | Mevzuat sistemi başlatılıyor...
2025-08-23 19:28:34 | MevzuatApp | INFO | Tüm bileşenler başarıyla başlatıldı
2025-08-23 19:28:34 | MevzuatApp | ERROR | Uygulama çalışma hatası: name 'ResultListWidget' is not defined
2025-08-23 19:28:34 | MevzuatApp | INFO | Uygulama kapatılıyor...
2025-08-23 19:28:34 | MevzuatApp | INFO | Uygulama temiz şekilde kapatıldı
2025-08-23 19:28:56 | mevzuat_main | INFO | Logger başlatıldı: mevzuat_main
2025-08-23 19:28:56 | mevzuat_main | INFO | Mevzuat Sistemi başlatılıyor...
2025-08-23 19:28:56 | MevzuatApp | INFO | Logger başlatıldı: MevzuatApp
2025-08-23 19:28:56 | MevzuatApp | INFO | Mevzuat sistemi başlatılıyor...
2025-08-23 19:28:56 | MevzuatApp | INFO | Tüm bileşenler başarıyla başlatıldı
2025-08-23 19:28:56 | MevzuatApp | ERROR | Uygulama çalışma hatası: name 'ResultListWidget' is not defined
2025-08-23 19:28:56 | MevzuatApp | INFO | Uygulama kapatılıyor...
2025-08-23 19:28:56 | MevzuatApp | INFO | Uygulama temiz şekilde kapatıldı
2025-08-23 19:29:37 | mevzuat_main | INFO | Logger başlatıldı: mevzuat_main
2025-08-23 19:29:37 | mevzuat_main | INFO | Mevzuat Sistemi başlatılıyor...
2025-08-23 19:29:37 | MevzuatApp | INFO | Logger başlatıldı: MevzuatApp
2025-08-23 19:29:37 | MevzuatApp | INFO | Mevzuat sistemi başlatılıyor...
2025-08-23 19:29:37 | MevzuatApp | INFO | Tüm bileşenler başarıyla başlatıldı
2025-08-23 19:29:38 | MevzuatApp | ERROR | Uygulama çalışma hatası: apply_theme() missing 1 required positional argument: 'theme_name'
2025-08-23 19:29:38 | MevzuatApp | INFO | Uygulama kapatılıyor...
2025-08-23 19:29:38 | MevzuatApp | INFO | Uygulama temiz şekilde kapatıldı
2025-08-23 19:30:04 | mevzuat_main | INFO | Logger başlatıldı: mevzuat_main
2025-08-23 19:30:04 | mevzuat_main | INFO | Mevzuat Sistemi başlatılıyor...
2025-08-23 19:30:04 | MevzuatApp | INFO | Logger başlatıldı: MevzuatApp
2025-08-23 19:30:04 | MevzuatApp | INFO | Mevzuat sistemi başlatılıyor...
2025-08-23 19:30:04 | MevzuatApp | INFO | Tüm bileşenler başarıyla başlatıldı
2025-08-23 19:30:04 | MevzuatApp | ERROR | Uygulama çalışma hatası: apply_theme() missing 1 required positional argument: 'theme_name'
2025-08-23 19:30:04 | MevzuatApp | INFO | Uygulama kapatılıyor...
2025-08-23 19:30:04 | MevzuatApp | INFO | Uygulama temiz şekilde kapatıldı
2025-08-23 19:30:20 | mevzuat_main | INFO | Logger başlatıldı: mevzuat_main
2025-08-23 19:30:20 | mevzuat_main | INFO | Mevzuat Sistemi başlatılıyor...
2025-08-23 19:30:20 | MevzuatApp | INFO | Logger başlatıldı: MevzuatApp
2025-08-23 19:30:20 | MevzuatApp | INFO | Mevzuat sistemi başlatılıyor...
2025-08-23 19:30:20 | MevzuatApp | INFO | Tüm bileşenler başarıyla başlatıldı
2025-08-23 19:30:21 | MevzuatApp | ERROR | Uygulama çalışma hatası: name 'theme' is not defined
2025-08-23 19:30:21 | MevzuatApp | INFO | Uygulama kapatılıyor...
2025-08-23 19:30:21 | MevzuatApp | INFO | Uygulama temiz şekilde kapatıldı
2025-08-23 19:30:38 | mevzuat_main | INFO | Logger başlatıldı: mevzuat_main
2025-08-23 19:30:38 | mevzuat_main | INFO | Mevzuat Sistemi başlatılıyor...
2025-08-23 19:30:38 | MevzuatApp | INFO | Logger başlatıldı: MevzuatApp
2025-08-23 19:30:38 | MevzuatApp | INFO | Mevzuat sistemi başlatılıyor...
2025-08-23 19:30:38 | MevzuatApp | INFO | Tüm bileşenler başarıyla başlatıldı
2025-08-23 19:30:39 | MevzuatApp | INFO | GUI başlatıldı, uygulama hazır
2025-08-23 19:31:47 | MevzuatApp | INFO | Uygulama kapatılıyor...
2025-08-23 19:31:49 | MevzuatApp | INFO | Uygulama temiz şekilde kapatıldı
2025-08-23 19:32:20 | mevzuat_main | INFO | Logger başlatıldı: mevzuat_main
2025-08-23 19:32:20 | mevzuat_main | INFO | Mevzuat Sistemi başlatılıyor...
2025-08-23 19:32:20 | MevzuatApp | INFO | Logger başlatıldı: MevzuatApp
2025-08-23 19:32:20 | MevzuatApp | INFO | Mevzuat sistemi başlatılıyor...
2025-08-23 19:32:20 | MevzuatApp | INFO | Tüm bileşenler başarıyla başlatıldı
2025-08-23 19:32:20 | MevzuatApp | INFO | GUI başlatıldı, uygulama hazır
2025-08-23 19:34:40 | MevzuatApp | INFO | Uygulama kapatılıyor...
2025-08-23 19:34:45 | MevzuatApp | INFO | Uygulama temiz şekilde kapatıldı
2025-08-23 19:35:40 | mevzuat_main | INFO | Logger başlatıldı: mevzuat_main
2025-08-23 19:35:40 | mevzuat_main | INFO | Mevzuat Sistemi başlatılıyor...
2025-08-23 19:35:40 | MevzuatApp | INFO | Logger başlatıldı: MevzuatApp
2025-08-23 19:35:40 | MevzuatApp | INFO | Mevzuat sistemi başlatılıyor...
2025-08-23 19:35:40 | MevzuatApp | INFO | Tüm bileşenler başarıyla başlatıldı
2025-08-23 19:35:41 | MevzuatApp | INFO | GUI başlatıldı, uygulama hazır
2025-08-23 19:37:56 | MevzuatApp | INFO | Uygulama kapatılıyor...
2025-08-23 19:37:56 | MevzuatApp | INFO | Uygulama temiz şekilde kapatıldı
2025-08-23 19:46:40 | mevzuat_main | INFO | Logger başlatıldı: mevzuat_main
2025-08-23 19:46:40 | mevzuat_main | INFO | Mevzuat Sistemi başlatılıyor...
2025-08-23 19:46:40 | MevzuatApp | INFO | Logger başlatıldı: MevzuatApp
2025-08-23 19:46:40 | MevzuatApp | INFO | Mevzuat sistemi başlatılıyor...
2025-08-23 19:46:40 | MevzuatApp | INFO | Tüm bileşenler başarıyla başlatıldı
2025-08-23 19:46:40 | MevzuatApp | INFO | GUI başlatıldı, uygulama hazır
2025-08-23 20:14:05 | mevzuat_main | INFO | Logger başlatıldı: mevzuat_main
2025-08-23 20:14:05 | mevzuat_main | INFO | Mevzuat Sistemi başlatılıyor...
2025-08-23 20:14:05 | MevzuatApp | INFO | Logger başlatıldı: MevzuatApp
2025-08-23 20:14:05 | MevzuatApp | INFO | Mevzuat sistemi başlatılıyor...
2025-08-23 20:14:05 | MevzuatApp | ERROR | Başlatma hatası: 'DocumentProcessor' object has no attribute '_process_txt'
2025-08-23 20:14:05 | MevzuatApp | INFO | Uygulama kapatılıyor...
2025-08-23 20:14:05 | MevzuatApp | INFO | Uygulama temiz şekilde kapatıldı
2025-08-23 20:16:08 | mevzuat_main | INFO | Logger başlatıldı: mevzuat_main
2025-08-23 20:16:08 | mevzuat_main | INFO | Mevzuat Sistemi başlatılıyor...
2025-08-23 20:16:08 | MevzuatApp | INFO | Logger başlatıldı: MevzuatApp
2025-08-23 20:16:08 | MevzuatApp | INFO | Mevzuat sistemi başlatılıyor...
2025-08-23 20:16:08 | MevzuatApp | ERROR | Başlatma hatası: 'DocumentProcessor' object has no attribute '_check_ocr_dependencies'
2025-08-23 20:16:08 | MevzuatApp | INFO | Uygulama kapatılıyor...
2025-08-23 20:16:08 | MevzuatApp | INFO | Uygulama temiz şekilde kapatıldı
2025-08-23 20:19:09 | mevzuat_main | INFO | Logger başlatıldı: mevzuat_main
2025-08-23 20:19:09 | mevzuat_main | INFO | Mevzuat Sistemi başlatılıyor...
2025-08-23 20:19:09 | MevzuatApp | INFO | Logger başlatıldı: MevzuatApp
2025-08-23 20:19:09 | MevzuatApp | INFO | Mevzuat sistemi başlatılıyor...
2025-08-23 20:19:10 | MevzuatApp | INFO | Tüm bileşenler başarıyla başlatıldı
2025-08-23 20:19:10 | MevzuatApp | ERROR | Uygulama çalışma hatası: 'MainWindow' object has no attribute 'on_document_selected'
2025-08-23 20:19:10 | MevzuatApp | INFO | Uygulama kapatılıyor...
2025-08-23 20:19:10 | MevzuatApp | INFO | Uygulama temiz şekilde kapatıldı
2025-08-23 20:20:48 | mevzuat_main | INFO | Logger başlatıldı: mevzuat_main
2025-08-23 20:20:48 | mevzuat_main | INFO | Mevzuat Sistemi başlatılıyor...
2025-08-23 20:20:48 | MevzuatApp | INFO | Logger başlatıldı: MevzuatApp
2025-08-23 20:20:48 | MevzuatApp | INFO | Mevzuat sistemi başlatılıyor...
2025-08-23 20:20:49 | MevzuatApp | INFO | Tüm bileşenler başarıyla başlatıldı
2025-08-23 20:20:49 | MevzuatApp | ERROR | Uygulama çalışma hatası: __init__() missing 1 required positional argument: 'search_engine'
2025-08-23 20:20:49 | MevzuatApp | INFO | Uygulama kapatılıyor...
2025-08-23 20:20:49 | MevzuatApp | INFO | Uygulama temiz şekilde kapatıldı
2025-08-23 20:22:02 | mevzuat_main | INFO | Logger başlatıldı: mevzuat_main
2025-08-23 20:22:02 | mevzuat_main | INFO | Mevzuat Sistemi başlatılıyor...
2025-08-23 20:22:02 | MevzuatApp | INFO | Logger başlatıldı: MevzuatApp
2025-08-23 20:22:02 | MevzuatApp | INFO | Mevzuat sistemi başlatılıyor...
2025-08-23 20:22:02 | MevzuatApp | INFO | Tüm bileşenler başarıyla başlatıldı
2025-08-23 20:22:03 | MevzuatApp | ERROR | Uygulama çalışma hatası: 'ResultWidget' object has no attribute 'article_note_added'
2025-08-23 20:22:03 | MevzuatApp | INFO | Uygulama kapatılıyor...
2025-08-23 20:22:03 | MevzuatApp | INFO | Uygulama temiz şekilde kapatıldı
2025-08-23 20:23:15 | mevzuat_main | INFO | Logger başlatıldı: mevzuat_main
2025-08-23 20:23:15 | mevzuat_main | INFO | Mevzuat Sistemi başlatılıyor...
2025-08-23 20:23:15 | MevzuatApp | INFO | Logger başlatıldı: MevzuatApp
2025-08-23 20:23:15 | MevzuatApp | INFO | Mevzuat sistemi başlatılıyor...
2025-08-23 20:23:15 | MevzuatApp | INFO | Tüm bileşenler başarıyla başlatıldı
2025-08-23 20:23:16 | MevzuatApp | INFO | GUI başlatıldı, uygulama hazır
2025-08-23 20:27:11 | MevzuatApp | INFO | Uygulama kapatılıyor...
2025-08-23 20:27:11 | MevzuatApp | INFO | Uygulama temiz şekilde kapatıldı
2025-08-23 20:28:07 | mevzuat_main | INFO | Logger başlatıldı: mevzuat_main
2025-08-23 20:28:07 | mevzuat_main | INFO | Mevzuat Sistemi başlatılıyor...
2025-08-23 20:28:07 | MevzuatApp | INFO | Logger başlatıldı: MevzuatApp
2025-08-23 20:28:07 | MevzuatApp | INFO | Mevzuat sistemi başlatılıyor...
2025-08-23 20:28:08 | MevzuatApp | INFO | Tüm bileşenler başarıyla başlatıldı
2025-08-23 20:28:08 | MevzuatApp | INFO | GUI başlatıldı, uygulama hazır
2025-08-23 22:11:20 | mevzuat_main | INFO | Logger başlatıldı: mevzuat_main
2025-08-23 22:11:20 | mevzuat_main | INFO | Mevzuat Sistemi başlatılıyor...
2025-08-23 22:11:20 | MevzuatApp | INFO | Logger başlatıldı: MevzuatApp
2025-08-23 22:11:20 | MevzuatApp | INFO | Mevzuat sistemi başlatılıyor...
2025-08-23 22:11:22 | MevzuatApp | INFO | Tüm bileşenler başarıyla başlatıldı
2025-08-23 22:11:23 | MevzuatApp | INFO | GUI başlatıldı, uygulama hazır
2025-08-23 22:11:43 | MevzuatApp | INFO | Uygulama kapatılıyor...
2025-08-23 22:11:43 | MevzuatApp | INFO | Uygulama temiz şekilde kapatıldı
